#
# A fatal error has been detected by the Java Runtime Environment:
#
#  EXCEPTION_ACCESS_VIOLATION (0xc0000005) at pc=0x00007ff90c8026c4, pid=80720, tid=62876
#
# JRE version: OpenJDK Runtime Environment (24.0.1+9) (build 24.0.1+9-30)
# Java VM: OpenJDK 64-Bit Server VM (24.0.1+9-30, mixed mode, emulated-client, sharing, tiered, compressed oops, compressed class ptrs, g1 gc, windows-amd64)
# Problematic frame:
# C  [libasyncProfiler.dll+0x926c4]
#
# No core dump will be written. Minidumps are not enabled by default on client versions of Windows
#
# JFR recording file will be written. Location: C:\Users\HP\Desktop\Emsi4iir\SEMESTRE2\Pfa\jobportal\hs_err_pid80720.jfr
#
# If you would like to submit a bug report, please visit:
#   https://bugreport.java.com/bugreport/crash.jsp
# The crash happened outside the Java Virtual Machine in native code.
# See problematic frame for where to report the bug.
#

---------------  S U M M A R Y ------------

Command Line: -XX:TieredStopAtLevel=1 -Dspring.output.ansi.enabled=always -Dcom.sun.management.jmxremote -Dspring.jmx.enabled=true -Dspring.liveBeansView.mbeanDomain -Dspring.application.admin.enabled=true -Dmanagement.endpoints.jmx.exposure.include=* -javaagent:C:\Program Files\JetBrains\IntelliJ IDEA 2025.1\lib\idea_rt.jar=60421 -agentpath:C:\Users\HP\AppData\Local\Temp\idea_libasyncProfiler_dll_temp_folder\libasyncProfiler.dll=start,jfr,event=wall,interval=10ms,jfrsync=profile,cstack=no,file=C:\Users\HP\IdeaSnapshots\JobportalApplication_2025_05_30_110556.jfr,dbghelppath=C:\Users\HP\AppData\Local\Temp\idea_dbghelp_dll_temp_folder\dbghelp.dll,log=C:\Users\HP\AppData\Local\Temp\JobportalApplication_2025_05_30_110556.jfr.log.txt,logLevel=DEBUG -Dfile.encoding=UTF-8 -Dsun.stdout.encoding=UTF-8 -Dsun.stderr.encoding=UTF-8 com.pfa.jobportal.JobportalApplication

Host: 12th Gen Intel(R) Core(TM) i7-1255U, 12 cores, 15G,  Windows 11 , 64 bit Build 26100 (10.0.26100.3912)
Time: Fri May 30 11:05:57 2025 Paris, Madrid (heure duild 26100 (10.0.26100.3912) elapsed time: 0.760705 seconds (0d 0h 0m 0s)

---------------  T H R E A D  ---------------

Current thread (0x0000020956dcc120):  JavaThread "main"             [_thread_in_native, id=62876, stack(0x0000004f1c300000,0x0000004f1c400000) (1024K)]

Stack: [0x0000004f1c300000,0x0000004f1c400000],  sp=0x0000004f1c3fea80,  free space=1018k
Native frames: (J=compiled Java code, j=interpreted, Vv=VM code, C=native code)
C  [libasyncProfiler.dll+0x926c4]  (no source info available)
C  [libasyncProfiler.dll+0x92b9b]  (no source info available)
C  [libasyncProfiler.dll+0x917f4]  (no source info available)
C  [libasyncProfiler.dll+0x9206a]  (no source info available)
C  [libasyncProfiler.dll+0x8cc21]  (no source info available)
C  [libasyncProfiler.dll+0x7e5e1]  (no source info available)
C  [libasyncProfiler.dll+0x7d2f8]  (no source info available)
C  [libasyncProfiler.dll+0x7d1e0]  (no source info available)
C  [libasyncProfiler.dll+0x832fc]  (no source info available)
V  [jvm.dll+0x5e38de]  (no source info available)
V  [jvm.dll+0x886056]  (no source info available)
V  [jvm.dll+0x495f3e]  (no source info available)
V  [jvm.dll+0x497d11]  (no source info available)
C  [jli.dll+0x52a1]  (no source info available)
C  [ucrtbase.dll+0x37b0]  (no source info available)
C  [KERNEL32.DLL+0x2e8d7]  (no source info available)
C  [ntdll.dll+0x9c5dc]  (no source info available)


siginfo: EXCEPTION_ACCESS_VIOLATION (0xc0000005), reading address 0xffffffffffffffff


Registers:
RAX=0x0000000000000010, RBX=0x0000000000000000, RCX=0xffffffffffffffff, RDX=0x007ff899f6300010
RSP=0x0000004f1c3fea80, RBP=0x000002094172fda0, RSI=0x0000004f1c3febf0, RDI=0x000002094172fda0
R8 =0x0000000000000042, R9 =0x0000000714c01ed8, R10=0x00007ff89a1d9fb0, R11=0x0000000000000002
R12=0x0000004f1c3febf0, R13=0x0000020954ef9ef0, R14=0x0000020956dcc4e8, R15=0x0000020956dcc4e8
RIP=0x00007ff90c8026c4, EFLAGS=0x0000000000010202

XMM[0]=0x0000000000000000 0x0000000000000000
XMM[1]=0x0000000000000000 0x0000000000000000
XMM[2]=0x0000000000000000 0x0000000000000000
XMM[3]=0x0000000000000000 0x0000000000000000
XMM[4]=0x0000000000000000 0x0000000000000000
XMM[5]=0x0000000000000000 0x0000000000000000
XMM[6]=0x0000000000000000 0x0000000000000000
XMM[7]=0x0000000000000000 0x0000000000000000
XMM[8]=0x0000000000000000 0x0000000000000000
XMM[9]=0x0000000000000000 0x0000000000000000
XMM[10]=0x0000000000000000 0x0000000000000000
XMM[11]=0x0000000000000000 0x0000000000000000
XMM[12]=0x0000000000000000 0x0000000000000000
XMM[13]=0x0000000000000000 0x0000000000000000
XMM[14]=0x0000000000000000 0x0000000000000000
XMM[15]=0x0000000000000000 0x0000000000000000
  MXCSR=0x00001fa0


Register to memory mapping:

RAX=0x0000000000000010 is an unknown value
RBX=0x0 is null
RCX=0xffffffffffffffff is an unknown value
RDX=0x007ff899f6300010 is an unknown value
RSP=0x0000004f1c3fea80 is pointing into the stack for thread: 0x0000020956dcc120
RBP=0x000002094172fda0 points into unknown readable memory: 0x0000000714c01ed8 | d8 1e c0 14 07 00 00 00
RSI=0x0000004f1c3febf0 is pointing into the stack for thread: 0x0000020956dcc120
RDI=0x000002094172fda0 points into unknown readable memory: 0x0000000714c01ed8 | d8 1e c0 14 07 00 00 00
R8 =0x0000000000000042 is an unknown value
R9 =0x0000000714c01ed8 is an oop: java.lang.Thread 
{0x0000000714c01ed8} - klass: 'java/lang/Thread' - flags: 

 - ---- fields (total size 14 words):
 - 'threadLocalRandomProbe' 'I' @12  0 (0x00000000)
 - private volatile 'eetop' 'J' @16  2239135269152 (0x0000020956dcc120)
 - private final 'tid' 'J' @24  3 (0x0000000000000003)
 - 'threadLocalRandomSeed' 'J' @32  0 (0x0000000000000000)
 - injected 'jvmti_thread_state' 'J' @40  2238770232528 (0x00000209411abcd0)
 - 'threadLocalRandomSecondarySeed' 'I' @48  0 (0x00000000)
 - injected 'jvmti_VTMS_transition_disable_count' 'I' @52  0 (0x00000000)
 - injected 'jfr_epoch' 'S' @56  0 (0x0000)
 - volatile 'interrupted' 'Z' @58  false (0x00)
 - injected 'jvmti_is_in_VTMS_transition' 'Z' @59  false (0x00)
 - private volatile 'name' 'Ljava/lang/String;' @60  "main"{0x0000000714c01f48} (0xe29803e9)
 - private volatile 'contextClassLoader' 'Ljava/lang/ClassLoader;' @64  a 'jdk/internal/loader/ClassLoaders$AppClassLoader'{0x0000000714c3ab70} (0xe298756e)
 - private final 'holder' 'Ljava/lang/Thread$FieldHolder;' @68  a 'java/lang/Thread$FieldHolder'{0x0000000714c01f88} (0xe29803f1)
 - 'threadLocals' 'Ljava/lang/ThreadLocal$ThreadLocalMap;' @72  a 'java/lang/ThreadLocal$ThreadLocalMap'{0x0000000714b58300} (0xe296b060)
 - 'inheritableThreadLocals' 'Ljava/lang/ThreadLocal$ThreadLocalMap;' @76  null (0x00000000)
 - private 'scopedValueBindings' 'Ljava/lang/Object;' @80  a 'java/lang/Class'{0x00000007ffe7c258} = 'java/lang/Thread' (0xfffcf84b)
 - final 'interruptLock' 'Ljava/lang/Object;' @84  a 'java/lang/Object'{0x0000000714c01f78} (0xe29803ef)
 - private volatile 'parkBlocker' 'Ljava/lang/Object;' @88  null (0x00000000)
 - private 'nioBlocker' 'Lsun/nio/ch/Interruptible;' @92  null (0x00000000)
 - private 'cont' 'Ljdk/internal/vm/Continuation;' @96  null (0x00000000)
 - private volatile 'uncaughtExceptionHandler' 'Ljava/lang/Thread$UncaughtExceptionHandler;' @100  null (0x00000000)
 - private 'container' 'Ljdk/internal/vm/ThreadContainer;' @104  null (0x00000000)
 - private volatile 'headStackableScopes' 'Ljdk/internal/vm/StackableScope;' @108  null (0x00000000)
R10=0x00007ff89a1d9fb0 jvm.dll
R11=0x0000000000000002 is an unknown value
R12=0x0000004f1c3febf0 is pointing into the stack for thread: 0x0000020956dcc120
R13=0x0000020954ef9ef0 points into unknown readable memory: 0x00007ff89a14a510 | 10 a5 14 9a f8 7f 00 00
R14=0x0000020956dcc4e8 points into unknown readable memory: 0x00007ff89a1417b0 | b0 17 14 9a f8 7f 00 00
R15=0x0000020956dcc4e8 points into unknown readable memory: 0x00007ff89a1417b0 | b0 17 14 9a f8 7f 00 00

Top of Stack: (sp=0x0000004f1c3fea80)
0x0000004f1c3fea80:   0000004f1c3febf0 000002094172fda0   ..?.O.....rA....
0x0000004f1c3fea90:   0000000000000000 00000209572be920   ........ .+W....
0x0000004f1c3feaa0:   000000000000001c 00007ff90c802b9b   .........+......
0x0000004f1c3feab0:   0000000000000000 0000020956dcc4e8   ...........V....
0x0000004f1c3feac0:   0000004f1c3feb01 0000000000000000   ..?.O...........
0x0000004f1c3fead0:   00000209476b2710 00007ff90c8017f4   .'kG............
0x0000004f1c3feae0:   0000000000000000 000000000000001c   ................
0x0000004f1c3feaf0:   0000000000000000 000000000000001c   ................
0x0000004f1c3feb00:   0000000d00000002 00000209476ba960   ........`.kG....
0x0000004f1c3feb10:   00000209476b2710 00000209476b2780   .'kG.....'kG....
0x0000004f1c3feb20:   00000209476b2780 000000000000ecd0   .'kG............
0x0000004f1c3feb30:   0000000000000000 0000000000000000   ................
0x0000004f1c3feb40:   0000000000000000 00007ff8999a57d4   .........W......
0x0000004f1c3feb50:   00007ff90c944ca0 0000000000013b50   .L......P;......
0x0000004f1c3feb60:   00007ff90c944ca0 00000000ffffffff   .L..............
0x0000004f1c3feb70:   0000000000000000 00007ff90c80206a   ........j ......
0x0000004f1c3feb80:   0000020956dcc4e8 0000000000000000   ...V............
0x0000004f1c3feb90:   0000004f1c3febf9 0000020954ef9ef0   ..?.O......T....
0x0000004f1c3feba0:   0000020941e59040 0000020954e00000   @..A.......T....
0x0000004f1c3febb0:   0000020941e59040 00007ff9760c7219   @..A.....r.v....
0x0000004f1c3febc0:   0000020956dcc4e8 00007ff90c944ca0   ...V.....L......
0x0000004f1c3febd0:   00007ff90c8ef0d8 00007ff90c8ef0c8   ................
0x0000004f1c3febe0:   0000000000000000 0000020956dcc4e8   ...........V....
0x0000004f1c3febf0:   000002094775b350 000002094775b6d0   P.uG......uG....
0x0000004f1c3fec00:   000002094775b6d0 00007ff90c944ca0   ..uG.....L......
0x0000004f1c3fec10:   0000020957232078 0000004f1c3fed88   x #W......?.O...
0x0000004f1c3fec20:   0000004f1c3feec0 0000000000008840   ..?.O...@.......
0x0000004f1c3fec30:   00007ff90c937080 00007ff90c944cf0   .p.......L......
0x0000004f1c3fec40:   0000000000989680 0000000000989680   ................
0x0000004f1c3fec50:   0000004f1c3fed60 00007ff90c7fcc21   `.?.O...!.......
0x0000004f1c3fec60:   00007ff90c944ca0 00007ff90c944cf8   .L.......L......
0x0000004f1c3fec70:   00007ff900000000 003eb41600000001   ..............>.

Instructions: (pc=0x00007ff90c8026c4)
  0x00007ff90c8025c4:   cc cc cc cc cc cc cc cc cc cc cc cc cc cc cc cc
  0x00007ff90c8025d4:   cc cc cc cc cc cc cc cc cc cc cc cc cc cc cc cc
  0x00007ff90c8025e4:   cc cc cc cc cc cc cc cc cc cc cc cc cc cc cc cc
  0x00007ff90c8025f4:   cc cc cc cc cc cc cc cc cc cc cc cc cc cc cc cc
  0x00007ff90c802604:   cc cc cc cc cc cc cc cc cc cc cc cc cc cc cc cc
  0x00007ff90c802614:   cc cc cc cc cc cc cc cc cc cc cc cc cc cc cc cc
  0x00007ff90c802624:   cc cc cc cc cc cc cc cc cc cc cc cc cc cc cc cc
  0x00007ff90c802634:   cc cc cc cc cc cc cc cc cc cc cc cc cc cc cc cc
  0x00007ff90c802644:   cc cc cc cc cc cc cc cc cc cc cc cc 40 57 48 83
  0x00007ff90c802654:   ec 20 48 8b f9 48 8b 0d 10 28 14 00 48 85 c9 74
  0x00007ff90c802664:   20 48 8b 01 48 8d 54 24 38 41 b8 06 00 01 00 4c
  0x00007ff90c802674:   8b 48 30 41 ff d1 85 c0 75 07 48 8b 4c 24 38 eb
  0x00007ff90c802684:   02 33 c9 4c 8b 05 ea 28 14 00 48 89 5c 24 30 4d
  0x00007ff90c802694:   85 c0 74 4a 48 8b 01 48 8b d7 4c 8b 88 28 03 00
  0x00007ff90c8026a4:   00 41 ff d1 48 85 c0 74 35 48 63 0d f8 e6 13 00
  0x00007ff90c8026b4:   48 8b 14 01 48 85 d2 74 15 48 63 05 fc e6 13 00
=>0x00007ff90c8026c4:   8b 04 10 48 8b 5c 24 30 48 83 c4 20 5f c3 b8 ff
  0x00007ff90c8026d4:   ff ff ff 48 8b 5c 24 30 48 83 c4 20 5f c3 80 3d
  0x00007ff90c8026e4:   9b 27 14 00 00 bb ff ff ff ff 74 20 4c 8b 0d 31
  0x00007ff90c8026f4:   24 14 00 4c 8d 44 24 38 48 8b 0d 15 24 14 00 48
  0x00007ff90c802704:   8b d7 41 ff d1 85 c0 0f 44 5c 24 38 8b c3 48 8b
  0x00007ff90c802714:   5c 24 30 48 83 c4 20 5f c3 cc cc cc cc cc cc cc
  0x00007ff90c802724:   cc cc cc cc cc cc cc cc cc cc cc cc cc cc cc cc
  0x00007ff90c802734:   cc cc cc cc cc cc cc cc cc cc cc cc cc cc cc cc
  0x00007ff90c802744:   cc cc cc cc cc cc cc cc cc cc cc cc 48 89 54 24
  0x00007ff90c802754:   10 53 55 56 57 41 56 41 57 48 83 ec 28 48 8b f2
  0x00007ff90c802764:   4c 8b f1 48 89 4c 24 78 45 33 ff 44 89 7c 24 68
  0x00007ff90c802774:   c7 44 24 60 01 00 00 00 48 8d 4c 24 68 e8 ed 42
  0x00007ff90c802784:   f7 ff 8b d8 48 8d 4c 24 60 e8 e1 42 f7 ff 8b e8
  0x00007ff90c802794:   49 8b ce e8 00 fc f6 ff 48 8b f8 90 8b c3 f0 0f
  0x00007ff90c8027a4:   b1 2f 74 04 f3 90 eb f4 4c 89 3e 4c 89 7e 08 4c
  0x00007ff90c8027b4:   89 7e 10 49 8b 6e 08 4d 8b 76 10 49 3b ee 0f 84


Stack slot to memory mapping:

stack at sp + 0 slots: 0x0000004f1c3febf0 is pointing into the stack for thread: 0x0000020956dcc120
stack at sp + 1 slots: 0x000002094172fda0 points into unknown readable memory: 0x0000000714c01ed8 | d8 1e c0 14 07 00 00 00
stack at sp + 2 slots: 0x0 is null
stack at sp + 3 slots: 0x00000209572be920 points into unknown readable memory: 0x6e616c2e6176616a | 6a 61 76 61 2e 6c 61 6e
stack at sp + 4 slots: 0x000000000000001c is an unknown value
stack at sp + 5 slots: 0x00007ff90c802b9b libasyncProfiler.dll
stack at sp + 6 slots: 0x0 is null
stack at sp + 7 slots: 0x0000020956dcc4e8 points into unknown readable memory: 0x00007ff89a1417b0 | b0 17 14 9a f8 7f 00 00

Lock stack of current Java thread (top to bottom):


---------------  P R O C E S S  ---------------

Threads class SMR info:
_java_thread_list=0x00000209476f0ff0, length=19, elements={
0x0000020956dcc120, 0x0000020956f48d00, 0x0000020956f49540, 0x0000020956f4e650,
0x00000209411429e0, 0x0000020941143510, 0x0000020941144780, 0x00000209411489d0,
0x0000020941232350, 0x00000209412350f0, 0x000002094128d620, 0x0000020941716900,
0x0000020941854120, 0x0000020947593f60, 0x000002094769ed20, 0x00000209476c1f40,
0x00000209476ca4f0, 0x00000209476f01a0, 0x00000209476f3fa0
}

Java Threads: ( => current thread )
=>0x0000020956dcc120 JavaThread "main"                              [_thread_in_native, id=62876, stack(0x0000004f1c300000,0x0000004f1c400000) (1024K)]
  0x0000020956f48d00 JavaThread "Reference Handler"          daemon [_thread_blocked, id=69948, stack(0x0000004f1cb00000,0x0000004f1cc00000) (1024K)]
  0x0000020956f49540 JavaThread "Finalizer"                  daemon [_thread_blocked, id=71572, stack(0x0000004f1cc00000,0x0000004f1cd00000) (1024K)]
  0x0000020956f4e650 JavaThread "Signal Dispatcher"          daemon [_thread_blocked, id=71296, stack(0x0000004f1cd00000,0x0000004f1ce00000) (1024K)]
  0x00000209411429e0 JavaThread "Attach Listener"            daemon [_thread_blocked, id=80948, stack(0x0000004f1ce00000,0x0000004f1cf00000) (1024K)]
  0x0000020941143510 JavaThread "Service Thread"             daemon [_thread_blocked, id=54968, stack(0x0000004f1cf00000,0x0000004f1d000000) (1024K)]
  0x0000020941144780 JavaThread "Monitor Deflation Thread"   daemon [_thread_blocked, id=81676, stack(0x0000004f1d000000,0x0000004f1d100000) (1024K)]
  0x00000209411489d0 JavaThread "C1 CompilerThread0"         daemon [_thread_blocked, id=80204, stack(0x0000004f1d100000,0x0000004f1d200000) (1024K)]
  0x0000020941232350 JavaThread "C1 CompilerThread1"         daemon [_thread_blocked, id=2684, stack(0x0000004f1d200000,0x0000004f1d300000) (1024K)]
  0x00000209412350f0 JavaThread "C1 CompilerThread2"         daemon [_thread_blocked, id=74680, stack(0x0000004f1d300000,0x0000004f1d400000) (1024K)]
  0x000002094128d620 JavaThread "Common-Cleaner"             daemon [_thread_blocked, id=81564, stack(0x0000004f1d400000,0x0000004f1d500000) (1024K)]
  0x0000020941716900 JavaThread "Monitor Ctrl-Break"         daemon [_thread_in_native, id=85572, stack(0x0000004f1d500000,0x0000004f1d600000) (1024K)]
  0x0000020941854120 JavaThread "C1 CompilerThread3"         daemon [_thread_blocked, id=85388, stack(0x0000004f1d600000,0x0000004f1d700000) (1024K)]
  0x0000020947593f60 JavaThread "JFR Recorder Thread"        daemon [_thread_in_native, id=40068, stack(0x0000004f1d700000,0x0000004f1d800000) (1024K)]
  0x000002094769ed20 JavaThread "JFR Periodic Tasks"         daemon [_thread_blocked, id=84576, stack(0x0000004f1d800000,0x0000004f1d900000) (1024K)]
  0x00000209476c1f40 JavaThread "RMI TCP Accept-0"           daemon [_thread_in_native, id=76252, stack(0x0000004f1d900000,0x0000004f1da00000) (1024K)]
  0x00000209476ca4f0 JavaThread "RMI TCP Connection(1)-192.168.0.111" daemon [_thread_in_native, id=60624, stack(0x0000004f1da00000,0x0000004f1db00000) (1024K)]
  0x00000209476f01a0 JavaThread "RMI Scheduler(0)"           daemon [_thread_blocked, id=32840, stack(0x0000004f1db00000,0x0000004f1dc00000) (1024K)]
  0x00000209476f3fa0 JavaThread "JMX server connection timeout 33" daemon [_thread_blocked, id=84484, stack(0x0000004f1dc00000,0x0000004f1dd00000) (1024K)]
Total: 19

Other Threads:
  0x0000020956f02930 VMThread "VM Thread"                           [id=80500, stack(0x0000004f1ca00000,0x0000004f1cb00000) (1024K)]
  0x0000020956f1cf20 WatcherThread "VM Periodic Task Thread"        [id=44440, stack(0x0000004f1c900000,0x0000004f1ca00000) (1024K)]
  0x0000020956e36690 WorkerThread "GC Thread#0"                     [id=82388, stack(0x0000004f1c400000,0x0000004f1c500000) (1024K)]
  0x0000020956e4c080 ConcurrentGCThread "G1 Main Marker"            [id=80688, stack(0x0000004f1c500000,0x0000004f1c600000) (1024K)]
  0x0000020956e4d610 WorkerThread "G1 Conc#0"                       [id=61340, stack(0x0000004f1c600000,0x0000004f1c700000) (1024K)]
  0x0000020956eefdf0 ConcurrentGCThread "G1 Refine#0"               [id=71036, stack(0x0000004f1c700000,0x0000004f1c800000) (1024K)]
  0x0000020956ef0880 ConcurrentGCThread "G1 Service"                [id=71444, stack(0x0000004f1c800000,0x0000004f1c900000) (1024K)]
Total: 7

Threads with active compile tasks:
Total: 0

VM state: not at safepoint (normal execution)

VM Mutex/Monitor currently owned by a thread: None

Heap address: 0x0000000705200000, size: 4014 MB, Compressed Oops mode: Zero based, Oop shift amount: 3

CDS archive(s) mapped at: [0x0000020900000000-0x0000020900d40000-0x0000020900d40000), size 13893632, SharedBaseAddress: 0x0000020900000000, ArchiveRelocationMode: 1.
Compressed class space mapped at: 0x0000020901000000-0x0000020941000000, reserved size: 1073741824
UseCompressedClassPointers 1, UseCompactObjectHeaders 0
Narrow klass pointer bits 32, Max shift 3
Narrow klass base: 0x0000020900000000, Narrow klass shift: 0
Encoding Range: [0x0000020900000000 - 0x0000020a00000000), (4294967296 bytes)
Klass Range:    [0x0000020900000000 - 0x0000020941000000), (1090519040 bytes)
Klass ID Range:  [8 - 1090519033) (1090519025)

GC Precious Log:
 CardTable entry size: 512
 Card Set container configuration: InlinePtr #cards 4 size 8 Array Of Cards #cards 16 size 48 Howl #buckets 8 coarsen threshold 3686 Howl Bitmap #cards 512 size 80 coarsen threshold 460 Card regions per heap region 1 cards per card region 4096
 CPUs: 12 total, 12 available
 Memory: 16052M
 Large Page Support: Disabled
 NUMA Support: Disabled
 Compressed Oops: Enabled (Zero based)
 Heap Region Size: 2M
 Heap Min Capacity: 8M
 Heap Initial Capacity: 252M
 Heap Max Capacity: 4014M
 Pre-touch: Disabled
 Parallel Workers: 10
 Concurrent Workers: 3
 Concurrent Refinement Workers: 10
 Periodic GC: Disabled

Heap:
 garbage-first heap   total reserved 4110336K, committed 260096K, used 35952K [0x0000000705200000, 0x0000000800000000)
  region size 2048K, 19 young (38912K), 0 survivors (0K)
 Metaspace       used 6529K, committed 6720K, reserved 1114112K
  class space    used 713K, committed 768K, reserved 1048576K

Heap Regions: E=young(eden), S=young(survivor), O=old, HS=humongous(starts), HC=humongous(continues), CS=collection set, F=free, TAMS=top-at-mark-start, PB=parsable bottom
|   0|0x0000000705200000, 0x0000000705200000, 0x0000000705400000|  0%| F|  |TAMS 0x0000000705200000| PB 0x0000000705200000| Untracked |  0
|   1|0x0000000705400000, 0x0000000705400000, 0x0000000705600000|  0%| F|  |TAMS 0x0000000705400000| PB 0x0000000705400000| Untracked |  0
|   2|0x0000000705600000, 0x0000000705600000, 0x0000000705800000|  0%| F|  |TAMS 0x0000000705600000| PB 0x0000000705600000| Untracked |  0
|   3|0x0000000705800000, 0x0000000705800000, 0x0000000705a00000|  0%| F|  |TAMS 0x0000000705800000| PB 0x0000000705800000| Untracked |  0
|   4|0x0000000705a00000, 0x0000000705a00000, 0x0000000705c00000|  0%| F|  |TAMS 0x0000000705a00000| PB 0x0000000705a00000| Untracked |  0
|   5|0x0000000705c00000, 0x0000000705c00000, 0x0000000705e00000|  0%| F|  |TAMS 0x0000000705c00000| PB 0x0000000705c00000| Untracked |  0
|   6|0x0000000705e00000, 0x0000000705e00000, 0x0000000706000000|  0%| F|  |TAMS 0x0000000705e00000| PB 0x0000000705e00000| Untracked |  0
|   7|0x0000000706000000, 0x0000000706000000, 0x0000000706200000|  0%| F|  |TAMS 0x0000000706000000| PB 0x0000000706000000| Untracked |  0
|   8|0x0000000706200000, 0x0000000706200000, 0x0000000706400000|  0%| F|  |TAMS 0x0000000706200000| PB 0x0000000706200000| Untracked |  0
|   9|0x0000000706400000, 0x0000000706400000, 0x0000000706600000|  0%| F|  |TAMS 0x0000000706400000| PB 0x0000000706400000| Untracked |  0
|  10|0x0000000706600000, 0x0000000706600000, 0x0000000706800000|  0%| F|  |TAMS 0x0000000706600000| PB 0x0000000706600000| Untracked |  0
|  11|0x0000000706800000, 0x0000000706800000, 0x0000000706a00000|  0%| F|  |TAMS 0x0000000706800000| PB 0x0000000706800000| Untracked |  0
|  12|0x0000000706a00000, 0x0000000706a00000, 0x0000000706c00000|  0%| F|  |TAMS 0x0000000706a00000| PB 0x0000000706a00000| Untracked |  0
|  13|0x0000000706c00000, 0x0000000706c00000, 0x0000000706e00000|  0%| F|  |TAMS 0x0000000706c00000| PB 0x0000000706c00000| Untracked |  0
|  14|0x0000000706e00000, 0x0000000706e00000, 0x0000000707000000|  0%| F|  |TAMS 0x0000000706e00000| PB 0x0000000706e00000| Untracked |  0
|  15|0x0000000707000000, 0x0000000707000000, 0x0000000707200000|  0%| F|  |TAMS 0x0000000707000000| PB 0x0000000707000000| Untracked |  0
|  16|0x0000000707200000, 0x0000000707200000, 0x0000000707400000|  0%| F|  |TAMS 0x0000000707200000| PB 0x0000000707200000| Untracked |  0
|  17|0x0000000707400000, 0x0000000707400000, 0x0000000707600000|  0%| F|  |TAMS 0x0000000707400000| PB 0x0000000707400000| Untracked |  0
|  18|0x0000000707600000, 0x0000000707600000, 0x0000000707800000|  0%| F|  |TAMS 0x0000000707600000| PB 0x0000000707600000| Untracked |  0
|  19|0x0000000707800000, 0x0000000707800000, 0x0000000707a00000|  0%| F|  |TAMS 0x0000000707800000| PB 0x0000000707800000| Untracked |  0
|  20|0x0000000707a00000, 0x0000000707a00000, 0x0000000707c00000|  0%| F|  |TAMS 0x0000000707a00000| PB 0x0000000707a00000| Untracked |  0
|  21|0x0000000707c00000, 0x0000000707c00000, 0x0000000707e00000|  0%| F|  |TAMS 0x0000000707c00000| PB 0x0000000707c00000| Untracked |  0
|  22|0x0000000707e00000, 0x0000000707e00000, 0x0000000708000000|  0%| F|  |TAMS 0x0000000707e00000| PB 0x0000000707e00000| Untracked |  0
|  23|0x0000000708000000, 0x0000000708000000, 0x0000000708200000|  0%| F|  |TAMS 0x0000000708000000| PB 0x0000000708000000| Untracked |  0
|  24|0x0000000708200000, 0x0000000708200000, 0x0000000708400000|  0%| F|  |TAMS 0x0000000708200000| PB 0x0000000708200000| Untracked |  0
|  25|0x0000000708400000, 0x0000000708400000, 0x0000000708600000|  0%| F|  |TAMS 0x0000000708400000| PB 0x0000000708400000| Untracked |  0
|  26|0x0000000708600000, 0x0000000708600000, 0x0000000708800000|  0%| F|  |TAMS 0x0000000708600000| PB 0x0000000708600000| Untracked |  0
|  27|0x0000000708800000, 0x0000000708800000, 0x0000000708a00000|  0%| F|  |TAMS 0x0000000708800000| PB 0x0000000708800000| Untracked |  0
|  28|0x0000000708a00000, 0x0000000708a00000, 0x0000000708c00000|  0%| F|  |TAMS 0x0000000708a00000| PB 0x0000000708a00000| Untracked |  0
|  29|0x0000000708c00000, 0x0000000708c00000, 0x0000000708e00000|  0%| F|  |TAMS 0x0000000708c00000| PB 0x0000000708c00000| Untracked |  0
|  30|0x0000000708e00000, 0x0000000708e00000, 0x0000000709000000|  0%| F|  |TAMS 0x0000000708e00000| PB 0x0000000708e00000| Untracked |  0
|  31|0x0000000709000000, 0x0000000709000000, 0x0000000709200000|  0%| F|  |TAMS 0x0000000709000000| PB 0x0000000709000000| Untracked |  0
|  32|0x0000000709200000, 0x0000000709200000, 0x0000000709400000|  0%| F|  |TAMS 0x0000000709200000| PB 0x0000000709200000| Untracked |  0
|  33|0x0000000709400000, 0x0000000709400000, 0x0000000709600000|  0%| F|  |TAMS 0x0000000709400000| PB 0x0000000709400000| Untracked |  0
|  34|0x0000000709600000, 0x0000000709600000, 0x0000000709800000|  0%| F|  |TAMS 0x0000000709600000| PB 0x0000000709600000| Untracked |  0
|  35|0x0000000709800000, 0x0000000709800000, 0x0000000709a00000|  0%| F|  |TAMS 0x0000000709800000| PB 0x0000000709800000| Untracked |  0
|  36|0x0000000709a00000, 0x0000000709a00000, 0x0000000709c00000|  0%| F|  |TAMS 0x0000000709a00000| PB 0x0000000709a00000| Untracked |  0
|  37|0x0000000709c00000, 0x0000000709c00000, 0x0000000709e00000|  0%| F|  |TAMS 0x0000000709c00000| PB 0x0000000709c00000| Untracked |  0
|  38|0x0000000709e00000, 0x0000000709e00000, 0x000000070a000000|  0%| F|  |TAMS 0x0000000709e00000| PB 0x0000000709e00000| Untracked |  0
|  39|0x000000070a000000, 0x000000070a000000, 0x000000070a200000|  0%| F|  |TAMS 0x000000070a000000| PB 0x000000070a000000| Untracked |  0
|  40|0x000000070a200000, 0x000000070a200000, 0x000000070a400000|  0%| F|  |TAMS 0x000000070a200000| PB 0x000000070a200000| Untracked |  0
|  41|0x000000070a400000, 0x000000070a400000, 0x000000070a600000|  0%| F|  |TAMS 0x000000070a400000| PB 0x000000070a400000| Untracked |  0
|  42|0x000000070a600000, 0x000000070a600000, 0x000000070a800000|  0%| F|  |TAMS 0x000000070a600000| PB 0x000000070a600000| Untracked |  0
|  43|0x000000070a800000, 0x000000070a800000, 0x000000070aa00000|  0%| F|  |TAMS 0x000000070a800000| PB 0x000000070a800000| Untracked |  0
|  44|0x000000070aa00000, 0x000000070aa00000, 0x000000070ac00000|  0%| F|  |TAMS 0x000000070aa00000| PB 0x000000070aa00000| Untracked |  0
|  45|0x000000070ac00000, 0x000000070ac00000, 0x000000070ae00000|  0%| F|  |TAMS 0x000000070ac00000| PB 0x000000070ac00000| Untracked |  0
|  46|0x000000070ae00000, 0x000000070ae00000, 0x000000070b000000|  0%| F|  |TAMS 0x000000070ae00000| PB 0x000000070ae00000| Untracked |  0
|  47|0x000000070b000000, 0x000000070b000000, 0x000000070b200000|  0%| F|  |TAMS 0x000000070b000000| PB 0x000000070b000000| Untracked |  0
|  48|0x000000070b200000, 0x000000070b200000, 0x000000070b400000|  0%| F|  |TAMS 0x000000070b200000| PB 0x000000070b200000| Untracked |  0
|  49|0x000000070b400000, 0x000000070b400000, 0x000000070b600000|  0%| F|  |TAMS 0x000000070b400000| PB 0x000000070b400000| Untracked |  0
|  50|0x000000070b600000, 0x000000070b600000, 0x000000070b800000|  0%| F|  |TAMS 0x000000070b600000| PB 0x000000070b600000| Untracked |  0
|  51|0x000000070b800000, 0x000000070b800000, 0x000000070ba00000|  0%| F|  |TAMS 0x000000070b800000| PB 0x000000070b800000| Untracked |  0
|  52|0x000000070ba00000, 0x000000070ba00000, 0x000000070bc00000|  0%| F|  |TAMS 0x000000070ba00000| PB 0x000000070ba00000| Untracked |  0
|  53|0x000000070bc00000, 0x000000070bc00000, 0x000000070be00000|  0%| F|  |TAMS 0x000000070bc00000| PB 0x000000070bc00000| Untracked |  0
|  54|0x000000070be00000, 0x000000070be00000, 0x000000070c000000|  0%| F|  |TAMS 0x000000070be00000| PB 0x000000070be00000| Untracked |  0
|  55|0x000000070c000000, 0x000000070c000000, 0x000000070c200000|  0%| F|  |TAMS 0x000000070c000000| PB 0x000000070c000000| Untracked |  0
|  56|0x000000070c200000, 0x000000070c200000, 0x000000070c400000|  0%| F|  |TAMS 0x000000070c200000| PB 0x000000070c200000| Untracked |  0
|  57|0x000000070c400000, 0x000000070c400000, 0x000000070c600000|  0%| F|  |TAMS 0x000000070c400000| PB 0x000000070c400000| Untracked |  0
|  58|0x000000070c600000, 0x000000070c600000, 0x000000070c800000|  0%| F|  |TAMS 0x000000070c600000| PB 0x000000070c600000| Untracked |  0
|  59|0x000000070c800000, 0x000000070c800000, 0x000000070ca00000|  0%| F|  |TAMS 0x000000070c800000| PB 0x000000070c800000| Untracked |  0
|  60|0x000000070ca00000, 0x000000070ca00000, 0x000000070cc00000|  0%| F|  |TAMS 0x000000070ca00000| PB 0x000000070ca00000| Untracked |  0
|  61|0x000000070cc00000, 0x000000070cc00000, 0x000000070ce00000|  0%| F|  |TAMS 0x000000070cc00000| PB 0x000000070cc00000| Untracked |  0
|  62|0x000000070ce00000, 0x000000070ce00000, 0x000000070d000000|  0%| F|  |TAMS 0x000000070ce00000| PB 0x000000070ce00000| Untracked |  0
|  63|0x000000070d000000, 0x000000070d000000, 0x000000070d200000|  0%| F|  |TAMS 0x000000070d000000| PB 0x000000070d000000| Untracked |  0
|  64|0x000000070d200000, 0x000000070d200000, 0x000000070d400000|  0%| F|  |TAMS 0x000000070d200000| PB 0x000000070d200000| Untracked |  0
|  65|0x000000070d400000, 0x000000070d400000, 0x000000070d600000|  0%| F|  |TAMS 0x000000070d400000| PB 0x000000070d400000| Untracked |  0
|  66|0x000000070d600000, 0x000000070d600000, 0x000000070d800000|  0%| F|  |TAMS 0x000000070d600000| PB 0x000000070d600000| Untracked |  0
|  67|0x000000070d800000, 0x000000070d800000, 0x000000070da00000|  0%| F|  |TAMS 0x000000070d800000| PB 0x000000070d800000| Untracked |  0
|  68|0x000000070da00000, 0x000000070da00000, 0x000000070dc00000|  0%| F|  |TAMS 0x000000070da00000| PB 0x000000070da00000| Untracked |  0
|  69|0x000000070dc00000, 0x000000070dc00000, 0x000000070de00000|  0%| F|  |TAMS 0x000000070dc00000| PB 0x000000070dc00000| Untracked |  0
|  70|0x000000070de00000, 0x000000070de00000, 0x000000070e000000|  0%| F|  |TAMS 0x000000070de00000| PB 0x000000070de00000| Untracked |  0
|  71|0x000000070e000000, 0x000000070e000000, 0x000000070e200000|  0%| F|  |TAMS 0x000000070e000000| PB 0x000000070e000000| Untracked |  0
|  72|0x000000070e200000, 0x000000070e200000, 0x000000070e400000|  0%| F|  |TAMS 0x000000070e200000| PB 0x000000070e200000| Untracked |  0
|  73|0x000000070e400000, 0x000000070e400000, 0x000000070e600000|  0%| F|  |TAMS 0x000000070e400000| PB 0x000000070e400000| Untracked |  0
|  74|0x000000070e600000, 0x000000070e600000, 0x000000070e800000|  0%| F|  |TAMS 0x000000070e600000| PB 0x000000070e600000| Untracked |  0
|  75|0x000000070e800000, 0x000000070e800000, 0x000000070ea00000|  0%| F|  |TAMS 0x000000070e800000| PB 0x000000070e800000| Untracked |  0
|  76|0x000000070ea00000, 0x000000070ea00000, 0x000000070ec00000|  0%| F|  |TAMS 0x000000070ea00000| PB 0x000000070ea00000| Untracked |  0
|  77|0x000000070ec00000, 0x000000070ec00000, 0x000000070ee00000|  0%| F|  |TAMS 0x000000070ec00000| PB 0x000000070ec00000| Untracked |  0
|  78|0x000000070ee00000, 0x000000070ee00000, 0x000000070f000000|  0%| F|  |TAMS 0x000000070ee00000| PB 0x000000070ee00000| Untracked |  0
|  79|0x000000070f000000, 0x000000070f000000, 0x000000070f200000|  0%| F|  |TAMS 0x000000070f000000| PB 0x000000070f000000| Untracked |  0
|  80|0x000000070f200000, 0x000000070f200000, 0x000000070f400000|  0%| F|  |TAMS 0x000000070f200000| PB 0x000000070f200000| Untracked |  0
|  81|0x000000070f400000, 0x000000070f400000, 0x000000070f600000|  0%| F|  |TAMS 0x000000070f400000| PB 0x000000070f400000| Untracked |  0
|  82|0x000000070f600000, 0x000000070f600000, 0x000000070f800000|  0%| F|  |TAMS 0x000000070f600000| PB 0x000000070f600000| Untracked |  0
|  83|0x000000070f800000, 0x000000070f800000, 0x000000070fa00000|  0%| F|  |TAMS 0x000000070f800000| PB 0x000000070f800000| Untracked |  0
|  84|0x000000070fa00000, 0x000000070fa00000, 0x000000070fc00000|  0%| F|  |TAMS 0x000000070fa00000| PB 0x000000070fa00000| Untracked |  0
|  85|0x000000070fc00000, 0x000000070fc00000, 0x000000070fe00000|  0%| F|  |TAMS 0x000000070fc00000| PB 0x000000070fc00000| Untracked |  0
|  86|0x000000070fe00000, 0x000000070fe00000, 0x0000000710000000|  0%| F|  |TAMS 0x000000070fe00000| PB 0x000000070fe00000| Untracked |  0
|  87|0x0000000710000000, 0x0000000710000000, 0x0000000710200000|  0%| F|  |TAMS 0x0000000710000000| PB 0x0000000710000000| Untracked |  0
|  88|0x0000000710200000, 0x0000000710200000, 0x0000000710400000|  0%| F|  |TAMS 0x0000000710200000| PB 0x0000000710200000| Untracked |  0
|  89|0x0000000710400000, 0x0000000710400000, 0x0000000710600000|  0%| F|  |TAMS 0x0000000710400000| PB 0x0000000710400000| Untracked |  0
|  90|0x0000000710600000, 0x0000000710600000, 0x0000000710800000|  0%| F|  |TAMS 0x0000000710600000| PB 0x0000000710600000| Untracked |  0
|  91|0x0000000710800000, 0x0000000710800000, 0x0000000710a00000|  0%| F|  |TAMS 0x0000000710800000| PB 0x0000000710800000| Untracked |  0
|  92|0x0000000710a00000, 0x0000000710a00000, 0x0000000710c00000|  0%| F|  |TAMS 0x0000000710a00000| PB 0x0000000710a00000| Untracked |  0
|  93|0x0000000710c00000, 0x0000000710c00000, 0x0000000710e00000|  0%| F|  |TAMS 0x0000000710c00000| PB 0x0000000710c00000| Untracked |  0
|  94|0x0000000710e00000, 0x0000000710e00000, 0x0000000711000000|  0%| F|  |TAMS 0x0000000710e00000| PB 0x0000000710e00000| Untracked |  0
|  95|0x0000000711000000, 0x0000000711000000, 0x0000000711200000|  0%| F|  |TAMS 0x0000000711000000| PB 0x0000000711000000| Untracked |  0
|  96|0x0000000711200000, 0x0000000711200000, 0x0000000711400000|  0%| F|  |TAMS 0x0000000711200000| PB 0x0000000711200000| Untracked |  0
|  97|0x0000000711400000, 0x0000000711400000, 0x0000000711600000|  0%| F|  |TAMS 0x0000000711400000| PB 0x0000000711400000| Untracked |  0
|  98|0x0000000711600000, 0x0000000711600000, 0x0000000711800000|  0%| F|  |TAMS 0x0000000711600000| PB 0x0000000711600000| Untracked |  0
|  99|0x0000000711800000, 0x0000000711800000, 0x0000000711a00000|  0%| F|  |TAMS 0x0000000711800000| PB 0x0000000711800000| Untracked |  0
| 100|0x0000000711a00000, 0x0000000711a00000, 0x0000000711c00000|  0%| F|  |TAMS 0x0000000711a00000| PB 0x0000000711a00000| Untracked |  0
| 101|0x0000000711c00000, 0x0000000711c00000, 0x0000000711e00000|  0%| F|  |TAMS 0x0000000711c00000| PB 0x0000000711c00000| Untracked |  0
| 102|0x0000000711e00000, 0x0000000711e00000, 0x0000000712000000|  0%| F|  |TAMS 0x0000000711e00000| PB 0x0000000711e00000| Untracked |  0
| 103|0x0000000712000000, 0x0000000712000000, 0x0000000712200000|  0%| F|  |TAMS 0x0000000712000000| PB 0x0000000712000000| Untracked |  0
| 104|0x0000000712200000, 0x0000000712200000, 0x0000000712400000|  0%| F|  |TAMS 0x0000000712200000| PB 0x0000000712200000| Untracked |  0
| 105|0x0000000712400000, 0x0000000712400000, 0x0000000712600000|  0%| F|  |TAMS 0x0000000712400000| PB 0x0000000712400000| Untracked |  0
| 106|0x0000000712600000, 0x0000000712600000, 0x0000000712800000|  0%| F|  |TAMS 0x0000000712600000| PB 0x0000000712600000| Untracked |  0
| 107|0x0000000712800000, 0x00000007129f3870, 0x0000000712a00000| 97%| E|  |TAMS 0x0000000712800000| PB 0x0000000712800000| Complete |  0
| 108|0x0000000712a00000, 0x0000000712c00000, 0x0000000712c00000|100%| E|CS|TAMS 0x0000000712a00000| PB 0x0000000712a00000| Complete |  0
| 109|0x0000000712c00000, 0x0000000712e00000, 0x0000000712e00000|100%| E|CS|TAMS 0x0000000712c00000| PB 0x0000000712c00000| Complete |  0
| 110|0x0000000712e00000, 0x0000000713000000, 0x0000000713000000|100%| E|CS|TAMS 0x0000000712e00000| PB 0x0000000712e00000| Complete |  0
| 111|0x0000000713000000, 0x0000000713200000, 0x0000000713200000|100%| E|CS|TAMS 0x0000000713000000| PB 0x0000000713000000| Complete |  0
| 112|0x0000000713200000, 0x0000000713400000, 0x0000000713400000|100%| E|CS|TAMS 0x0000000713200000| PB 0x0000000713200000| Complete |  0
| 113|0x0000000713400000, 0x0000000713600000, 0x0000000713600000|100%| E|CS|TAMS 0x0000000713400000| PB 0x0000000713400000| Complete |  0
| 114|0x0000000713600000, 0x0000000713800000, 0x0000000713800000|100%| E|CS|TAMS 0x0000000713600000| PB 0x0000000713600000| Complete |  0
| 115|0x0000000713800000, 0x0000000713a00000, 0x0000000713a00000|100%| E|CS|TAMS 0x0000000713800000| PB 0x0000000713800000| Complete |  0
| 116|0x0000000713a00000, 0x0000000713c00000, 0x0000000713c00000|100%| E|CS|TAMS 0x0000000713a00000| PB 0x0000000713a00000| Complete |  0
| 117|0x0000000713c00000, 0x0000000713e00000, 0x0000000713e00000|100%| E|CS|TAMS 0x0000000713c00000| PB 0x0000000713c00000| Complete |  0
| 118|0x0000000713e00000, 0x0000000714000000, 0x0000000714000000|100%| E|CS|TAMS 0x0000000713e00000| PB 0x0000000713e00000| Complete |  0
| 119|0x0000000714000000, 0x0000000714200000, 0x0000000714200000|100%| E|CS|TAMS 0x0000000714000000| PB 0x0000000714000000| Complete |  0
| 120|0x0000000714200000, 0x0000000714400000, 0x0000000714400000|100%| E|CS|TAMS 0x0000000714200000| PB 0x0000000714200000| Complete |  0
| 121|0x0000000714400000, 0x0000000714600000, 0x0000000714600000|100%| E|CS|TAMS 0x0000000714400000| PB 0x0000000714400000| Complete |  0
| 122|0x0000000714600000, 0x0000000714800000, 0x0000000714800000|100%| E|CS|TAMS 0x0000000714600000| PB 0x0000000714600000| Complete |  0
| 123|0x0000000714800000, 0x0000000714a00000, 0x0000000714a00000|100%| E|  |TAMS 0x0000000714800000| PB 0x0000000714800000| Complete |  0
| 124|0x0000000714a00000, 0x0000000714c00000, 0x0000000714c00000|100%| E|CS|TAMS 0x0000000714a00000| PB 0x0000000714a00000| Complete |  0
| 125|0x0000000714c00000, 0x0000000714e00000, 0x0000000714e00000|100%| E|CS|TAMS 0x0000000714c00000| PB 0x0000000714c00000| Complete |  0
|2006|0x00000007ffe00000, 0x00000007fff1c288, 0x0000000800000000| 55%| O|  |TAMS 0x00000007ffe00000| PB 0x00000007ffe00000| Untracked |  0

Card table byte_map: [0x0000020964420000,0x0000020964c00000] _byte_map_base: 0x0000020960bf7000

Marking Bits: (CMBitMap*) 0x0000020956e36cb0
 Bits: [0x0000020964c00000, 0x0000020968ab8000)

Polling page: 0x0000020956830000

Metaspace:

Usage:
  Non-class:      5.68 MB used.
      Class:    713.20 KB used.
       Both:      6.38 MB used.

Virtual space:
  Non-class space:       64.00 MB reserved,       5.81 MB (  9%) committed,  1 nodes.
      Class space:        1.00 GB reserved,     768.00 KB ( <1%) committed,  1 nodes.
             Both:        1.06 GB reserved,       6.56 MB ( <1%) committed. 

Chunk freelists:
   Non-Class:  10.06 MB
       Class:  15.20 MB
        Both:  25.25 MB

MaxMetaspaceSize: unlimited
CompressedClassSpaceSize: 1.00 GB
Initial GC threshold: 21.00 MB
Current GC threshold: 21.00 MB
CDS: on
 - commit_granule_bytes: 65536.
 - commit_granule_words: 8192.
 - virtual_space_node_default_size: 8388608.
 - enlarge_chunks_in_place: 1.
UseCompressedClassPointers 1, UseCompactObjectHeaders 0
Narrow klass pointer bits 32, Max shift 3
Narrow klass base: 0x0000020900000000, Narrow klass shift: 0
Encoding Range: [0x0000020900000000 - 0x0000020a00000000), (4294967296 bytes)
Klass Range:    [0x0000020900000000 - 0x0000020941000000), (1090519040 bytes)
Klass ID Range:  [8 - 1090519033) (1090519025)


Internal statistics:

num_allocs_failed_limit: 0.
num_arena_births: 182.
num_arena_deaths: 0.
num_vsnodes_births: 2.
num_vsnodes_deaths: 0.
num_space_committed: 105.
num_space_uncommitted: 0.
num_chunks_returned_to_freelist: 0.
num_chunks_taken_from_freelist: 257.
num_chunk_merges: 0.
num_chunk_splits: 139.
num_chunks_enlarged: 28.
num_inconsistent_stats: 0.

CodeCache: size=49152Kb used=5015Kb max_used=5015Kb free=44136Kb
 bounds [0x00000209602a0000, 0x0000020960790000, 0x00000209632a0000]
 total_blobs=2379, nmethods=1898, adapters=404, full_count=0
Compilation: enabled, stopped_count=0, restarted_count=0

Compilation events (20 events):
Event: 0.709 Thread 0x00000209412350f0 1883       1       java.lang.invoke.InvokerBytecodeGenerator::methodDesc (45 bytes)
Event: 0.709 Thread 0x0000020941232350 1884       1       jdk.internal.classfile.impl.StackMapGenerator$Frame::setLocalRawInternal (41 bytes)
Event: 0.709 Thread 0x00000209411489d0 1885       1       jdk.internal.classfile.impl.StackMapGenerator$Frame::setLocal (76 bytes)
Event: 0.710 Thread 0x0000020941232350 nmethod 1884 0x0000020960780b88 code [0x0000020960780cc0, 0x0000020960780f48]
Event: 0.710 Thread 0x00000209412350f0 nmethod 1883 0x0000020960780f88 code [0x00000209607810e0, 0x0000020960781670]
Event: 0.710 Thread 0x00000209411489d0 nmethod 1885 0x0000020960781708 code [0x0000020960781860, 0x0000020960781a90]
Event: 0.711 Thread 0x00000209412350f0 1886       1       jdk.internal.event.ExceptionThrownEvent::enabled (2 bytes)
Event: 0.711 Thread 0x00000209412350f0 nmethod 1886 0x0000020960781b08 code [0x0000020960781c00, 0x0000020960781ca8]
Event: 0.713 Thread 0x00000209412350f0 1889       1       sun.invoke.util.Wrapper::isDoubleWord (15 bytes)
Event: 0.713 Thread 0x00000209412350f0 nmethod 1889 0x0000020960782a08 code [0x0000020960782b00, 0x0000020960782bd8]
Event: 0.713 Thread 0x00000209411489d0 1892       1       jdk.internal.classfile.impl.DirectCodeBuilder::return_ (12 bytes)
Event: 0.713 Thread 0x0000020941854120 1893       1       jdk.internal.classfile.impl.AnnotationReader::writeAnnotation (80 bytes)
Event: 0.713 Thread 0x00000209411489d0 nmethod 1892 0x0000020960782d08 code [0x0000020960782e20, 0x0000020960782f90]
Event: 0.714 Thread 0x00000209411489d0 1894       1       java.lang.invoke.InvokerBytecodeGenerator::emitReferenceCast (169 bytes)
Event: 0.714 Thread 0x00000209412350f0 1897       1       java.lang.invoke.LambdaForm::returnType (26 bytes)
Event: 0.714 Thread 0x0000020941232350 1898       1       jdk.internal.classfile.impl.DirectCodeBuilder::storeLocal (126 bytes)
Event: 0.714 Thread 0x00000209412350f0 nmethod 1897 0x0000020960783608 code [0x0000020960783720, 0x0000020960783860]
Event: 0.714 Thread 0x0000020941854120 nmethod 1893 0x0000020960783908 code [0x0000020960783b80, 0x0000020960784448]
Event: 0.715 Thread 0x00000209411489d0 nmethod 1894 0x0000020960784508 code [0x00000209607847c0, 0x00000209607852c8]
Event: 0.715 Thread 0x0000020941232350 nmethod 1898 0x0000020960785408 code [0x00000209607855e0, 0x0000020960785d88]

GC Heap History (0 events):
No events

Dll operation events (10 events):
Event: 0.087 Loaded shared library C:\Users\HP\.jdks\openjdk-24.0.1\bin\java.dll
Event: 0.234 Loaded shared library C:\Users\HP\.jdks\openjdk-24.0.1\bin\zip.dll
Event: 0.238 Loaded shared library C:\Users\HP\.jdks\openjdk-24.0.1\bin\instrument.dll
Event: 0.246 Loaded shared library C:\Users\HP\.jdks\openjdk-24.0.1\bin\net.dll
Event: 0.251 Loaded shared library C:\Users\HP\.jdks\openjdk-24.0.1\bin\nio.dll
Event: 0.255 Loaded shared library C:\Users\HP\.jdks\openjdk-24.0.1\bin\zip.dll
Event: 0.324 Loaded shared library C:\Users\HP\.jdks\openjdk-24.0.1\bin\jimage.dll
Event: 0.382 Loaded shared library C:\Users\HP\.jdks\openjdk-24.0.1\bin\extnet.dll
Event: 0.398 Loaded shared library C:\Users\HP\.jdks\openjdk-24.0.1\bin\management.dll
Event: 0.415 Loaded shared library C:\Users\HP\.jdks\openjdk-24.0.1\bin\management_ext.dll

Deoptimization events (0 events):
No events

Classes loaded (20 events):
Event: 0.694 Loading class javax/management/MalformedObjectNameException
Event: 0.694 Loading class javax/management/MalformedObjectNameException done
Event: 0.699 Loading class java/lang/invoke/BoundMethodHandle$Species_LLLL
Event: 0.699 Loading class java/lang/invoke/BoundMethodHandle$Species_LLLL done
Event: 0.700 Loading class java/lang/invoke/BoundMethodHandle$Species_LLLLL
Event: 0.700 Loading class java/lang/invoke/BoundMethodHandle$Species_LLLLL done
Event: 0.702 Loading class java/lang/invoke/BoundMethodHandle$Species_LLLLLL
Event: 0.703 Loading class java/lang/invoke/BoundMethodHandle$Species_LLLLLL done
Event: 0.710 Loading class sun/reflect/misc/MethodUtil
Event: 0.710 Loading class sun/reflect/misc/MethodUtil done
Event: 0.710 Loading class sun/reflect/misc/MethodUtil$1
Event: 0.710 Loading class sun/reflect/misc/MethodUtil$1 done
Event: 0.710 Loading class java/security/AllPermissionCollection
Event: 0.710 Loading class java/security/AllPermissionCollection done
Event: 0.710 Loading class java/security/UnresolvedPermission
Event: 0.711 Loading class java/security/UnresolvedPermission done
Event: 0.711 Loading class java/lang/UnsupportedOperationException
Event: 0.711 Loading class java/lang/UnsupportedOperationException done
Event: 0.711 Loading class java/lang/IllegalAccessException
Event: 0.711 Loading class java/lang/IllegalAccessException done

Classes unloaded (0 events):
No events

Classes redefined (0 events):
No events

Internal exceptions (20 events):
Event: 0.604 Thread 0x00000209411429e0 Exception <a 'java/lang/NoSuchMethodError'{0x00000007134deb60}: 'java.lang.Object java.lang.invoke.DirectMethodHandle$Holder.invokeStaticInit(java.lang.Object, int, int, int, int)'> (0x00000007134deb60) 
thrown [s\open\src\hotspot\share\interpreter\linkResolver.cpp, line 805]
Event: 0.610 Thread 0x0000020956dcc120 Exception <a 'sun/nio/fs/WindowsException'{0x0000000713363ee8}> (0x0000000713363ee8) 
thrown [s\open\src\hotspot\share\prims\jni.cpp, line 518]
Event: 0.612 Thread 0x0000020956dcc120 Exception <a 'sun/nio/fs/WindowsException'{0x0000000713370ca0}> (0x0000000713370ca0) 
thrown [s\open\src\hotspot\share\prims\jni.cpp, line 518]
Event: 0.616 Thread 0x0000020956dcc120 Exception <a 'sun/nio/fs/WindowsException'{0x0000000713382948}> (0x0000000713382948) 
thrown [s\open\src\hotspot\share\prims\jni.cpp, line 518]
Event: 0.626 Thread 0x00000209411429e0 Exception <a 'java/lang/NoSuchMethodError'{0x0000000713154670}: 'java.lang.Object java.lang.invoke.DirectMethodHandle$Holder.invokeStaticInit(java.lang.Object, java.lang.Object, int, int, int, int)'> (0x0000000713154670) 
thrown [s\open\src\hotspot\share\interpreter\linkResolver.cpp, line 805]
Event: 0.641 Thread 0x00000209411429e0 Exception <a 'java/lang/ClassNotFoundException'{0x000000071316b7c0}: javax/management/remote/rmi/RMIServerImpl_Skel> (0x000000071316b7c0) 
thrown [s\open\src\hotspot\share\classfile\systemDictionary.cpp, line 327]
Event: 0.650 Thread 0x00000209411429e0 Exception <a 'java/lang/NoSuchMethodError'{0x000000071317cf98}: 'long java.lang.invoke.Invokers$Holder.invokeExact_MT(java.lang.Object, java.lang.Object)'> (0x000000071317cf98) 
thrown [s\open\src\hotspot\share\interpreter\linkResolver.cpp, line 805]
Event: 0.680 Thread 0x00000209476ca4f0 Exception <a 'java/lang/NoSuchMethodError'{0x0000000712a47b90}: static [B.<clinit>()V> (0x0000000712a47b90) 
thrown [s\open\src\hotspot\share\prims\jni.cpp, line 1108]
Event: 0.681 Thread 0x00000209476ca4f0 Exception <a 'java/lang/NoSuchMethodError'{0x0000000712a494e0}: 'java.lang.Object java.lang.invoke.DirectMethodHandle$Holder.invokeInterface(java.lang.Object, java.lang.Object, java.lang.Object)'> (0x0000000712a494e0) 
thrown [s\open\src\hotspot\share\interpreter\linkResolver.cpp, line 805]
Event: 0.685 Thread 0x00000209476f3fa0 Exception <a 'java/lang/NoSuchMethodError'{0x0000000712bf57d8}: 'java.lang.Object java.lang.invoke.DirectMethodHandle$Holder.invokeSpecial(java.lang.Object, java.lang.Object, java.lang.Object, java.lang.Object, long)'> (0x0000000712bf57d8) 
thrown [s\open\src\hotspot\share\interpreter\linkResolver.cpp, line 805]
Event: 0.685 Thread 0x00000209476ca4f0 Exception <a 'java/lang/ClassNotFoundException'{0x0000000712a614a0}: javax/management/remote/rmi/RMIConnectionImpl_Skel> (0x0000000712a614a0) 
thrown [s\open\src\hotspot\share\classfile\systemDictionary.cpp, line 327]
Event: 0.686 Thread 0x00000209476f3fa0 Exception <a 'java/lang/NoSuchMethodError'{0x0000000712806ac0}: 'java.lang.Object java.lang.invoke.Invokers$Holder.linkToTargetMethod(java.lang.Object, long, java.lang.Object)'> (0x0000000712806ac0) 
thrown [s\open\src\hotspot\share\interpreter\linkResolver.cpp, line 805]
Event: 0.691 Thread 0x00000209476ca4f0 Exception <a 'java/lang/NoSuchMethodError'{0x0000000712a7ef88}: 'java.lang.Object java.lang.invoke.DirectMethodHandle$Holder.invokeInterface(java.lang.Object, java.lang.Object)'> (0x0000000712a7ef88) 
thrown [s\open\src\hotspot\share\interpreter\linkResolver.cpp, line 805]
Event: 0.698 Thread 0x00000209476ca4f0 Exception <a 'java/lang/NoSuchMethodError'{0x0000000712abf548}: 'int java.lang.invoke.DelegatingMethodHandle$Holder.reinvoke_L(java.lang.Object, java.lang.Object, java.lang.Object, java.lang.Object, java.lang.Object)'> (0x0000000712abf548) 
thrown [s\open\src\hotspot\share\interpreter\linkResolver.cpp, line 805]
Event: 0.701 Thread 0x00000209476ca4f0 Exception <a 'java/lang/NoSuchMethodError'{0x0000000712909140}: 'java.lang.Object java.lang.invoke.DirectMethodHandle$Holder.invokeStatic(java.lang.Object, java.lang.Object, java.lang.Object, java.lang.Object, java.lang.Object, java.lang.Object, java.lang.Object, java.lang.Object)'> (0x0000000712909140) 
thrown [s\open\src\hotspot\share\interpreter\linkResolver.cpp, line 805]
Event: 0.703 Thread 0x00000209476ca4f0 Exception <a 'java/lang/NoSuchMethodError'{0x000000071292ca48}: 'java.lang.Object java.lang.invoke.DirectMethodHandle$Holder.invokeStatic(java.lang.Object, java.lang.Object, java.lang.Object, java.lang.Object, java.lang.Object, java.lang.Object, java.lang.Object, java.lang.Object, java.lang.Object)'> (0x000000071292ca48) 
thrown [s\open\src\hotspot\share\interpreter\linkResolver.cpp, line 805]
Event: 0.704 Thread 0x00000209476ca4f0 Exception <a 'java/lang/NoSuchMethodError'{0x000000071293fef8}: 'java.lang.Object java.lang.invoke.Invokers$Holder.invokeExact_MT(java.lang.Object, java.lang.Object, java.lang.Object, java.lang.Object, java.lang.Object, java.lang.Object)'> (0x000000071293fef8) 
thrown [s\open\src\hotspot\share\interpreter\linkResolver.cpp, line 805]
Event: 0.706 Thread 0x00000209476ca4f0 Exception <a 'java/lang/NoSuchMethodError'{0x000000071294bc38}: 'java.lang.Object java.lang.invoke.DirectMethodHandle$Holder.invokeInterface(java.lang.Object, java.lang.Object, java.lang.Object, java.lang.Object, java.lang.Object)'> (0x000000071294bc38) 
thrown [s\open\src\hotspot\share\interpreter\linkResolver.cpp, line 805]
Event: 0.713 Thread 0x00000209476ca4f0 Exception <a 'java/lang/NoSuchMethodError'{0x0000000712996600}: 'double java.lang.invoke.DirectMethodHandle$Holder.invokeInterface(java.lang.Object, java.lang.Object)'> (0x0000000712996600) 
thrown [s\open\src\hotspot\share\interpreter\linkResolver.cpp, line 805]
Event: 0.713 Thread 0x00000209476ca4f0 Exception <a 'java/lang/NoSuchMethodError'{0x00000007129a7270}: 'double java.lang.invoke.DelegatingMethodHandle$Holder.reinvoke_L(java.lang.Object, java.lang.Object)'> (0x00000007129a7270) 
thrown [s\open\src\hotspot\share\interpreter\linkResolver.cpp, line 805]

VM Operations (16 events):
Event: 0.220 Executing VM operation: HandshakeAllThreads (Deoptimize)
Event: 0.220 Executing VM operation: HandshakeAllThreads (Deoptimize) done
Event: 0.331 Executing VM operation: HandshakeAllThreads (Deoptimize)
Event: 0.331 Executing VM operation: HandshakeAllThreads (Deoptimize) done
Event: 0.424 Executing VM operation: HandshakeAllThreads (Deoptimize)
Event: 0.424 Executing VM operation: HandshakeAllThreads (Deoptimize) done
Event: 0.581 Executing VM operation: HandshakeAllThreads (Deoptimize)
Event: 0.581 Executing VM operation: HandshakeAllThreads (Deoptimize) done
Event: 0.604 Executing VM operation: HandshakeAllThreads (Deoptimize)
Event: 0.607 Executing VM operation: HandshakeAllThreads (Deoptimize) done
Event: 0.608 Executing VM operation: HandshakeAllThreads (Deoptimize)
Event: 0.608 Executing VM operation: HandshakeAllThreads (Deoptimize) done
Event: 0.636 Executing VM operation: JFRSafepointClear
Event: 0.636 Executing VM operation: JFRSafepointClear done
Event: 0.685 Executing VM operation: HandshakeAllThreads (Deoptimize)
Event: 0.685 Executing VM operation: HandshakeAllThreads (Deoptimize) done

Memory protections (0 events):
No events

Nmethod flushes (0 events):
No events

Events (19 events):
Event: 0.105 Thread 0x0000020956dcc120 Thread added: 0x0000020956dcc120
Event: 0.118 Thread 0x0000020956dcc120 Thread added: 0x0000020956f48d00
Event: 0.119 Thread 0x0000020956dcc120 Thread added: 0x0000020956f49540
Event: 0.119 Thread 0x0000020956dcc120 Thread added: 0x0000020956f4e650
Event: 0.119 Thread 0x0000020956dcc120 Thread added: 0x00000209411429e0
Event: 0.119 Thread 0x0000020956dcc120 Thread added: 0x0000020941143510
Event: 0.119 Thread 0x0000020956dcc120 Thread added: 0x0000020941144780
Event: 0.120 Thread 0x0000020956dcc120 Thread added: 0x00000209411489d0
Event: 0.220 Thread 0x00000209411489d0 Thread added: 0x0000020941232350
Event: 0.221 Thread 0x00000209411489d0 Thread added: 0x00000209412350f0
Event: 0.243 Thread 0x0000020956dcc120 Thread added: 0x000002094128d620
Event: 0.365 Thread 0x0000020956dcc120 Thread added: 0x0000020941716900
Event: 0.408 Thread 0x00000209411489d0 Thread added: 0x0000020941854120
Event: 0.443 Thread 0x0000020956dcc120 Thread added: 0x0000020947593f60
Event: 0.603 Thread 0x0000020956dcc120 Thread added: 0x000002094769ed20
Event: 0.647 Thread 0x00000209411429e0 Thread added: 0x00000209476c1f40
Event: 0.663 Thread 0x00000209476c1f40 Thread added: 0x00000209476ca4f0
Event: 0.679 Thread 0x00000209476ca4f0 Thread added: 0x00000209476f01a0
Event: 0.684 Thread 0x00000209476ca4f0 Thread added: 0x00000209476f3fa0


Dynamic libraries:
0x00007ff7523d0000 - 0x00007ff7523de000 	C:\Users\HP\.jdks\openjdk-24.0.1\bin\java.exe
0x00007ff978a40000 - 0x00007ff978ca6000 	C:\WINDOWS\SYSTEM32\ntdll.dll
0x00007ff962450000 - 0x00007ff96246b000 	C:\Program Files\Avast Software\Avast\aswhook.dll
0x00007ff977a60000 - 0x00007ff977b29000 	C:\WINDOWS\System32\KERNEL32.DLL
0x00007ff976020000 - 0x00007ff9763ec000 	C:\WINDOWS\System32\KERNELBASE.dll
0x00007ff975ea0000 - 0x00007ff975feb000 	C:\WINDOWS\System32\ucrtbase.dll
0x00007ff95fba0000 - 0x00007ff95fbbb000 	C:\Users\HP\.jdks\openjdk-24.0.1\bin\VCRUNTIME140.dll
0x00007ff950ea0000 - 0x00007ff950eb6000 	C:\Users\HP\.jdks\openjdk-24.0.1\bin\jli.dll
0x00007ff978400000 - 0x00007ff9785ca000 	C:\WINDOWS\System32\USER32.dll
0x00007ff975ff0000 - 0x00007ff976017000 	C:\WINDOWS\System32\win32u.dll
0x00007ff950200000 - 0x00007ff95049a000 	C:\WINDOWS\WinSxS\amd64_microsoft.windows.common-controls_6595b64144ccf1df_6.0.26100.3912_none_3e07963ce335137e\COMCTL32.dll
0x00007ff976d60000 - 0x00007ff976d8b000 	C:\WINDOWS\System32\GDI32.dll
0x00007ff9763f0000 - 0x00007ff976522000 	C:\WINDOWS\System32\gdi32full.dll
0x00007ff9787a0000 - 0x00007ff978849000 	C:\WINDOWS\System32\msvcrt.dll
0x00007ff975c70000 - 0x00007ff975d13000 	C:\WINDOWS\System32\msvcp_win.dll
0x00007ff977b80000 - 0x00007ff977bb0000 	C:\WINDOWS\System32\IMM32.DLL
0x00007ff95fb90000 - 0x00007ff95fb9c000 	C:\Users\HP\.jdks\openjdk-24.0.1\bin\vcruntime140_1.dll
0x00007ff8fb6c0000 - 0x00007ff8fb74e000 	C:\Users\HP\.jdks\openjdk-24.0.1\bin\msvcp140.dll
0x00007ff899510000 - 0x00007ff89a2b2000 	C:\Users\HP\.jdks\openjdk-24.0.1\bin\server\jvm.dll
0x00007ff976ca0000 - 0x00007ff976d52000 	C:\WINDOWS\System32\ADVAPI32.dll
0x00007ff9788f0000 - 0x00007ff978996000 	C:\WINDOWS\System32\sechost.dll
0x00007ff9785d0000 - 0x00007ff9786e6000 	C:\WINDOWS\System32\RPCRT4.dll
0x00007ff976a00000 - 0x00007ff976a74000 	C:\WINDOWS\System32\WS2_32.dll
0x00007ff962e20000 - 0x00007ff962e2b000 	C:\WINDOWS\SYSTEM32\VERSION.dll
0x00007ff970200000 - 0x00007ff970236000 	C:\WINDOWS\SYSTEM32\WINMM.dll
0x00007ff975310000 - 0x00007ff97536e000 	C:\WINDOWS\SYSTEM32\POWRPROF.dll
0x00007ff9752f0000 - 0x00007ff975304000 	C:\WINDOWS\SYSTEM32\UMPDC.dll
0x00007ff974950000 - 0x00007ff97496a000 	C:\WINDOWS\SYSTEM32\kernel.appcore.dll
0x00007ff951240000 - 0x00007ff95124a000 	C:\Users\HP\.jdks\openjdk-24.0.1\bin\jimage.dll
0x00007ff973540000 - 0x00007ff973781000 	C:\WINDOWS\SYSTEM32\DBGHELP.DLL
0x00007ff976e40000 - 0x00007ff9771c4000 	C:\WINDOWS\System32\combase.dll
0x00007ff977240000 - 0x00007ff977320000 	C:\WINDOWS\System32\OLEAUT32.dll
0x00007ff9619b0000 - 0x00007ff9619e9000 	C:\WINDOWS\SYSTEM32\dbgcore.DLL
0x00007ff975bd0000 - 0x00007ff975c69000 	C:\WINDOWS\System32\bcryptPrimitives.dll
0x00007ff972660000 - 0x00007ff97266f000 	C:\Users\HP\.jdks\openjdk-24.0.1\bin\instrument.dll
0x00007ff94f4c0000 - 0x00007ff94f4de000 	C:\Users\HP\.jdks\openjdk-24.0.1\bin\java.dll
0x00007ff977bc0000 - 0x00007ff977d5f000 	C:\WINDOWS\System32\ole32.dll
0x00007ff977330000 - 0x00007ff977a5d000 	C:\WINDOWS\System32\SHELL32.dll
0x00007ff9765f0000 - 0x00007ff976764000 	C:\WINDOWS\System32\wintypes.dll
0x00007ff90c770000 - 0x00007ff90c968000 	C:\Users\HP\AppData\Local\Temp\idea_libasyncProfiler_dll_temp_folder\libasyncProfiler.dll
0x00007ff973800000 - 0x00007ff974056000 	C:\WINDOWS\SYSTEM32\windows.storage.dll
0x00007ff977d70000 - 0x00007ff977e5f000 	C:\WINDOWS\System32\SHCORE.dll
0x00007ff9771d0000 - 0x00007ff977239000 	C:\WINDOWS\System32\shlwapi.dll
0x00007ff975ae0000 - 0x00007ff975b0f000 	C:\WINDOWS\SYSTEM32\profapi.dll
0x00007ff944b20000 - 0x00007ff944b37000 	C:\Users\HP\.jdks\openjdk-24.0.1\bin\zip.dll
0x00007ff950790000 - 0x00007ff9507a0000 	C:\Users\HP\.jdks\openjdk-24.0.1\bin\net.dll
0x00007ff974f00000 - 0x00007ff974f6a000 	C:\WINDOWS\system32\mswsock.dll
0x00007ff94f4a0000 - 0x00007ff94f4b6000 	C:\Users\HP\.jdks\openjdk-24.0.1\bin\nio.dll
0x00007ff9744f0000 - 0x00007ff974617000 	C:\WINDOWS\SYSTEM32\DNSAPI.dll
0x00007ff9744b0000 - 0x00007ff9744e3000 	C:\WINDOWS\SYSTEM32\IPHLPAPI.DLL
0x00007ff976bf0000 - 0x00007ff976bfa000 	C:\WINDOWS\System32\NSI.dll
0x00007ff9641b0000 - 0x00007ff9641bb000 	C:\Windows\System32\rasadhlp.dll
0x00007ff96fa40000 - 0x00007ff96fac6000 	C:\WINDOWS\System32\fwpuclnt.dll
0x00007ff94f8d0000 - 0x00007ff94f8d9000 	C:\Users\HP\.jdks\openjdk-24.0.1\bin\extnet.dll
0x00007ff9657b0000 - 0x00007ff9657ba000 	C:\Users\HP\.jdks\openjdk-24.0.1\bin\management.dll
0x00007ff9602d0000 - 0x00007ff9602db000 	C:\Users\HP\.jdks\openjdk-24.0.1\bin\management_ext.dll
0x00007ff976c90000 - 0x00007ff976c98000 	C:\WINDOWS\System32\PSAPI.DLL
0x00007ff975210000 - 0x00007ff97522c000 	C:\WINDOWS\SYSTEM32\CRYPTSP.dll
0x00007ff9748b0000 - 0x00007ff9748ea000 	C:\WINDOWS\system32\rsaenh.dll
0x00007ff975010000 - 0x00007ff97503b000 	C:\WINDOWS\SYSTEM32\USERENV.dll
0x00007ff975ab0000 - 0x00007ff975ad6000 	C:\WINDOWS\SYSTEM32\bcrypt.dll
0x00007ff975230000 - 0x00007ff97523c000 	C:\WINDOWS\SYSTEM32\CRYPTBASE.dll
0x00007ff941080000 - 0x00007ff941098000 	C:\WINDOWS\system32\napinsp.dll
0x00007ff940da0000 - 0x00007ff940db2000 	C:\WINDOWS\System32\winrnr.dll
0x00007ff940d50000 - 0x00007ff940d80000 	C:\WINDOWS\system32\nlansp_c.dll
0x00007ff940d30000 - 0x00007ff940d46000 	C:\WINDOWS\system32\wshbth.dll
0x00007ff938ea0000 - 0x00007ff938eee000 	C:\WINDOWS\SYSTEM32\pdh.dll

JVMTI agents:
C:\Program Files\JetBrains\IntelliJ IDEA 2025.1\lib\idea_rt.jar path:C:\Users\HP\.jdks\openjdk-24.0.1\bin\instrument.dll, loaded, initialized, instrumentlib options:60421
C:\Users\HP\AppData\Local\Temp\idea_libasyncProfiler_dll_temp_folder\libasyncProfiler.dll path:C:\Users\HP\AppData\Local\Temp\idea_libasyncProfiler_dll_temp_folder\libasyncProfiler.dll, loaded, initialized, options:start,jfr,event=wall,interval=10ms,jfrsync=profile,cstack=no,file=C:\Users\HP\IdeaSnapshots\JobportalApplication_2025_05_30_110556.jfr,dbghelppath=C:\Users\HP\AppData\Local\Temp\idea_dbghelp_dll_temp_folder\dbghelp.dll,log=C:\Users\HP\AppData\Local\Temp\JobportalApplication_2025_05_30_110556.jfr.log.txt,logLevel=DEBUG

dbghelp: loaded successfully - version: 4.0.5 - missing functions: none
symbol engine: initialized successfully - sym options: 0x614 - pdb path: .;C:\Users\HP\.jdks\openjdk-24.0.1\bin;C:\WINDOWS\SYSTEM32;C:\Program Files\Avast Software\Avast;C:\WINDOWS\WinSxS\amd64_microsoft.windows.common-controls_6595b64144ccf1df_6.0.26100.3912_none_3e07963ce335137e;C:\Users\HP\.jdks\openjdk-24.0.1\bin\server;C:\Users\HP\AppData\Local\Temp\idea_libasyncProfiler_dll_temp_folder

VM Arguments:
jvm_args: -XX:TieredStopAtLevel=1 -Dspring.output.ansi.enabled=always -Dcom.sun.management.jmxremote -Dspring.jmx.enabled=true -Dspring.liveBeansView.mbeanDomain -Dspring.application.admin.enabled=true -Dmanagement.endpoints.jmx.exposure.include=* -javaagent:C:\Program Files\JetBrains\IntelliJ IDEA 2025.1\lib\idea_rt.jar=60421 -agentpath:C:\Users\HP\AppData\Local\Temp\idea_libasyncProfiler_dll_temp_folder\libasyncProfiler.dll=start,jfr,event=wall,interval=10ms,jfrsync=profile,cstack=no,file=C:\Users\HP\IdeaSnapshots\JobportalApplication_2025_05_30_110556.jfr,dbghelppath=C:\Users\HP\AppData\Local\Temp\idea_dbghelp_dll_temp_folder\dbghelp.dll,log=C:\Users\HP\AppData\Local\Temp\JobportalApplication_2025_05_30_110556.jfr.log.txt,logLevel=DEBUG -Dfile.encoding=UTF-8 -Dsun.stdout.encoding=UTF-8 -Dsun.stderr.encoding=UTF-8 
java_command: com.pfa.jobportal.JobportalApplication
java_class_path (initial): C:\Users\HP\Desktop\Emsi4iir\SEMESTRE2\Pfa\jobportal\jobportal\target\classes;C:\Users\HP\.m2\repository\org\springframework\boot\spring-boot-starter-data-jpa\3.5.0\spring-boot-starter-data-jpa-3.5.0.jar;C:\Users\HP\.m2\repository\org\springframework\boot\spring-boot-starter\3.5.0\spring-boot-starter-3.5.0.jar;C:\Users\HP\.m2\repository\org\springframework\boot\spring-boot-starter-logging\3.5.0\spring-boot-starter-logging-3.5.0.jar;C:\Users\HP\.m2\repository\ch\qos\logback\logback-classic\1.5.18\logback-classic-1.5.18.jar;C:\Users\HP\.m2\repository\ch\qos\logback\logback-core\1.5.18\logback-core-1.5.18.jar;C:\Users\HP\.m2\repository\org\apache\logging\log4j\log4j-to-slf4j\2.24.3\log4j-to-slf4j-2.24.3.jar;C:\Users\HP\.m2\repository\org\apache\logging\log4j\log4j-api\2.24.3\log4j-api-2.24.3.jar;C:\Users\HP\.m2\repository\org\slf4j\jul-to-slf4j\2.0.17\jul-to-slf4j-2.0.17.jar;C:\Users\HP\.m2\repository\jakarta\annotation\jakarta.annotation-api\2.1.1\jakarta.annotation-api-2.1.1.jar;C:\Users\HP\.m2\repository\org\yaml\snakeyaml\2.4\snakeyaml-2.4.jar;C:\Users\HP\.m2\repository\org\springframework\boot\spring-boot-starter-jdbc\3.5.0\spring-boot-starter-jdbc-3.5.0.jar;C:\Users\HP\.m2\repository\com\zaxxer\HikariCP\6.3.0\HikariCP-6.3.0.jar;C:\Users\HP\.m2\repository\org\springframework\spring-jdbc\6.2.7\spring-jdbc-6.2.7.jar;C:\Users\HP\.m2\repository\org\hibernate\orm\hibernate-core\6.6.15.Final\hibernate-core-6.6.15.Final.jar;C:\Users\HP\.m2\repository\jakarta\persistence\jakarta.persistence-api\3.1.0\jakarta.persistence-api-3.1.0.jar;C:\Users\HP\.m2\repository\jakarta\transaction\jakarta.transaction-api\2.0.1\jakarta.transaction-api-2.0.1.jar;C:\Users\HP\.m2\repository\org\jboss\logging\jboss-logging\3.6.1.Final\jboss-logging-3.6.1.Final.jar;C:\Users\HP\.m2\repository\org\hibernate\common\hibernate-commons-annotations\7.0.3.Final\hibernate-commons-annotations-7.0.3.Final.jar;C:\Users\HP\.m2\repository\io\smallrye\jandex\3.2.0\jandex-3.2.0.jar;C:\Users\HP\.m2\repository\com\fasterxml\classmate\1.7.0\classmate-1.7.0.jar;C:\Users\HP\.m2\repository\net\bytebuddy\byte-buddy\1.17.5\byte-buddy-1.17.5.jar;C:\Users\HP\.m2\repository\org\glassfish\jaxb\jaxb-runtime\4.0.5\jaxb-runtime-4.0.5.jar;C:\Users\HP\.m2\repository\org\glassfish\jaxb\jaxb-core\4.0.5\jaxb-core-4.0.5.jar;C:\Users\HP\.m2\repository\org\eclipse\angus\angus-activation\2.0.2\angus-activation-2.0.2.jar;C:\Users\HP\.m2\repository\org\glassfish\jaxb\txw2\4.0.5\txw2-4.0.5.jar;C:\Users\HP\.m2\repository\com\sun\istack\istack-commons-runtime\4.1.2\istack-commons-runtime-4.1.2.jar;C:\Users\HP\.m2\repository\jakarta\inject\jakarta.inject-api\2.0.1\jakarta.inject-api-2.0.1.jar;C:\Users\HP\.m2\repository\org\antlr\antlr4-runtime\4.13.0\antlr4-runtime-4.13.0.jar;C:\Users\HP\.m2\repository\org\springframework\data\spring-data-jpa\3.5.0\spring-data-jpa-3.5.0.jar;C:\Users\HP\.m2\repository\org\springframework\data\spring-data-commons\3.5.0\spring-data-commons-3.5.0.jar;C:\Users\HP\.m2\repository\org\springframework\spring-orm\6.2.7\spring-orm-6.2.7.jar;C:\Users\HP\.m2\repository\org\springframework\spring-context\6.2.7\spring-context-6.2.7.jar;C:\Users\HP\.m2\repository\org\springframework\spring-tx\6.2.7\spring-tx-6.2.7.jar;C:\Users\HP\.m2\repository\org\springframework\spring-beans\6.2.7\spring-beans-6.2.7.jar;C:\Users\HP\.m2\repository\org\springframework\spring-aspects\6.2.7\spring-aspects-6.2.7.jar;C:\Users\HP\.m2\repository\org\aspectj\aspectjweaver\1.9.24\aspectjweaver-1.9.24.jar;C:\Users\HP\.m2\repository\org\springframework\boot\spring-boot-starter-security\3.5.0\spring-boot-starter-security-3.5.0.jar;C:\Users\HP\.m2\repository\org\springframework\spring-aop\6.2.7\spring-aop-6.2.7.jar;C:\Users\HP\.m2\repository\org\springframework\security\spring-security-config\6.5.0\spring-security-config-6.5.0.jar;C:\Users\HP\.m2\repository\org\springframework\security\spring-security-web\6.5.0\spring-security-web-6.5.0.jar;C:\Users\HP\.m2\repository\org\springframework\spring-expression\6.2.7\spring-expression-6.2.7.jar;C:\Users\HP\.m2\repository\org\springframework\boot\spring-boot-starter-thymeleaf\3.5.0\spring-boot-starter-thymeleaf-3.5.0.jar;C:\Users\HP\.m2\repository\org\thymeleaf\thymeleaf-spring6\3.1.3.RELEASE\thymeleaf-spring6-3.1.3.RELEASE.jar;C:\Users\HP\.m2\repository\org\thymeleaf\thymeleaf\3.1.3.RELEASE\thymeleaf-3.1.3.RELEASE.jar;C:\Users\HP\.m2\repository\org\attoparser\attoparser\2.0.7.RELEASE\attoparser-2.0.7.RELEASE.jar;C:\Users\HP\.m2\repository\org\unbescape\unbescape\1.1.6.RELEASE\unbescape-1.1.6.RELEASE.jar;C:\Users\HP\.m2\repository\org\springframework\boot\spring-boot-starter-web\3.5.0\spring-boot-starter-web-3.5.0.jar;C:\Users\HP\.m2\repository\org\springframework\boot\spring-boot-starter-json\3.5.0\spring-boot-starter-json-3.5.0.jar;C:\Users\HP\.m2\repository\com\fasterxml\jackson\core\jackson-databind\2.19.0\jackson-databind-2.19.0.jar;C:\Users\HP\.m2\repository\com\fasterxml\jackson\core\jackson-annotations\2.19.0\jackson-annotations-2.19.0.jar;C:\Users\HP\.m2\repository\com\fasterxml\jackson\core\jackson-core\2.19.0\jackson-core-2.19.0.jar;C:\Users\HP\.m2\repository\com\fasterxml\jackson\datatype\jackson-datatype-jdk8\2.19.0\jackson-datatype-jdk8-2.19.0.jar;C:\Users\HP\.m2\repository\com\fasterxml\jackson\datatype\jackson-datatype-jsr310\2.19.0\jackson-datatype-jsr310-2.19.0.jar;C:\Users\HP\.m2\repository\com\fasterxml\jackson\module\jackson-module-parameter-names\2.19.0\jackson-module-parameter-names-2.19.0.jar;C:\Users\HP\.m2\repository\org\springframework\boot\spring-boot-starter-tomcat\3.5.0\spring-boot-starter-tomcat-3.5.0.jar;C:\Users\HP\.m2\repository\org\apache\tomcat\embed\tomcat-embed-core\10.1.41\tomcat-embed-core-10.1.41.jar;C:\Users\HP\.m2\repository\org\apache\tomcat\embed\tomcat-embed-el\10.1.41\tomcat-embed-el-10.1.41.jar;C:\Users\HP\.m2\repository\org\apache\tomcat\embed\tomcat-embed-websocket\10.1.41\tomcat-embed-websocket-10.1.41.jar;C:\Users\HP\.m2\repository\org\springframework\spring-web\6.2.7\spring-web-6.2.7.jar;C:\Users\HP\.m2\repository\org\springframework\spring-webmvc\6.2.7\spring-webmvc-6.2.7.jar;C:\Users\HP\.m2\repository\org\thymeleaf\extras\thymeleaf-extras-springsecurity6\3.1.3.RELEASE\thymeleaf-extras-springsecurity6-3.1.3.RELEASE.jar;C:\Users\HP\.m2\repository\org\slf4j\slf4j-api\2.0.17\slf4j-api-2.0.17.jar;C:\Users\HP\.m2\repository\org\springframework\boot\spring-boot-devtools\3.5.0\spring-boot-devtools-3.5.0.jar;C:\Users\HP\.m2\repository\org\springframework\boot\spring-boot\3.5.0\spring-boot-3.5.0.jar;C:\Users\HP\.m2\repository\org\springframework\boot\spring-boot-autoconfigure\3.5.0\spring-boot-autoconfigure-3.5.0.jar;C:\Users\HP\.m2\repository\com\mysql\mysql-connector-j\9.2.0\mysql-connector-j-9.2.0.jar;C:\Users\HP\.m2\repository\jakarta\xml\bind\jakarta.xml.bind-api\4.0.2\jakarta.xml.bind-api-4.0.2.jar;C:\Users\HP\.m2\repository\jakarta\activation\jakarta.activation-api\2.1.3\jakarta.activation-api-2.1.3.jar;C:\Users\HP\.m2\repository\org\springframework\spring-core\6.2.7\spring-core-6.2.7.jar;C:\Users\HP\.m2\repository\org\springframework\spring-jcl\6.2.7\spring-jcl-6.2.7.jar;C:\Users\HP\.m2\repository\org\springframework\security\spring-security-core\6.5.0\spring-security-core-6.5.0.jar;C:\Users\HP\.m2\repository\org\springframework\security\spring-security-crypto\6.5.0\spring-security-crypto-6.5.0.jar;C:\Users\HP\.m2\repository\org\springframework\boot\spring-boot-starter-actuator\3.5.0\spring-boot-starter-actuator-3.5.0.jar;C:\Users\HP\.m2\repository\org\springframework\boot\spring-boot-actuator-autoconfigure\3.5.0\spring-boot-actuator-autoconfigure-3.5.0.jar;C:\Users\HP\.m2\repository\org\springframework\boot\spring-boot-actuator\3.5.0\spring-boot-actuator-3.5.0.jar;C:\Users\HP\.m2\repository\io\micrometer\micrometer-observation\1.15.0\micrometer-observation-1.15.0.jar;C:\Users\HP\.m2\repository\io\micrometer\micrometer-commons\1.15.0\micrometer-commons-1.15.0.jar;C:\Users\HP\.m2\repository\io\micrometer\micrometer-jakarta9\1.15.0\micrometer-jakarta9-1.15.0.jar;C:\Users\HP\.m2\repository\io\micrometer\micrometer-core\1.15.0\micrometer-core-1.15.0.jar;C:\Users\HP\.m2\repository\org\hdrhistogram\HdrHistogram\2.2.2\HdrHistogram-2.2.2.jar;C:\Users\HP\.m2\repository\org\latencyutils\LatencyUtils\2.0.3\LatencyUtils-2.0.3.jar;C:\Users\HP\.m2\repository\org\projectlombok\lombok\1.18.38\lombok-1.18.38.jar
Launcher Type: SUN_STANDARD

[Global flags]
     intx CICompilerCount                          = 4                                         {product} {ergonomic}
     uint ConcGCThreads                            = 3                                         {product} {ergonomic}
     bool FlightRecorder                           = true                                      {product} {management}
     uint G1ConcRefinementThreads                  = 10                                        {product} {ergonomic}
   size_t G1HeapRegionSize                         = 2097152                                   {product} {ergonomic}
   size_t InitialHeapSize                          = 264241152                                 {product} {ergonomic}
     bool ManagementServer                         = true                                      {product} {command line}
   size_t MarkStackSize                            = 4194304                                   {product} {ergonomic}
   size_t MarkStackSizeMax                         = 536870912                                 {product} {ergonomic}
   size_t MaxHeapSize                              = 4208984064                                {product} {ergonomic}
   size_t MaxNewSize                               = 2524971008                                {product} {ergonomic}
   size_t MinHeapDeltaBytes                        = 2097152                                   {product} {ergonomic}
   size_t MinHeapSize                              = 8388608                                   {product} {ergonomic}
    uintx NonNMethodCodeHeapSize                   = 4096                                   {pd product} {ergonomic}
    uintx NonProfiledCodeHeapSize                  = 0                                      {pd product} {ergonomic}
     bool ProfileInterpreter                       = false                                  {pd product} {command line}
    uintx ProfiledCodeHeapSize                     = 0                                      {pd product} {ergonomic}
   size_t SoftMaxHeapSize                          = 4208984064                             {manageable} {ergonomic}
     intx TieredStopAtLevel                        = 1                                         {product} {command line}
     bool UseCompressedOops                        = true                           {product lp64_product} {ergonomic}
     bool UseG1GC                                  = true                                      {product} {ergonomic}
     bool UseLargePagesIndividualAllocation        = false                                  {pd product} {ergonomic}

Logging:
Log output configuration:
 #0: stdout all=warning uptime,level,tags foldmultilines=false
 #1: stderr all=off uptime,level,tags foldmultilines=false

Environment Variables:
JAVA_HOME=C:\Program Files\OpenJdk\jdk-23
PATH=C:\Program Files (x86)\VMware\VMware Workstation\bin\;D:\orcl19_setup\bin;C:\orcl19_setup\bin;C:\Oracle\bin;C:\Program Files\OpenJdk\jdk-23\bin;C:\Program Files\Common Files\Oracle\Java\javapath;C:\Program Files\Microsoft MPI\Bin\;C:\windows\system32;C:\windows;C:\windows\System32\Wbem;C:\windows\System32\WindowsPowerShell\v1.0\;C:\windows\System32\OpenSSH\;C:\Program Files (x86)\NVIDIA Corporation\PhysX\Common;C:\Program Files\NVIDIA Corporation\NVIDIA NvDLISR;C:\WINDOWS\system32;C:\WINDOWS;C:\WINDOWS\System32\Wbem;C:\WINDOWS\System32\WindowsPowerShell\v1.0\;C:\WINDOWS\System32\OpenSSH\;C:\Program Files (x86)\Microsoft SQL Server\160\Tools\Binn\;C:\Program Files\Microsoft SQL Server\160\Tools\Binn\;C:\Program Files\Microsoft SQL Server\Client SDK\ODBC\170\Tools\Binn\;C:\Program Files\Microsoft SQL Server\160\DTS\Binn\;C:\Program Files (x86)\Microsoft SQL Server\160\DTS\Binn\;C:\Program Files\Git\cmd;C:\Program Files (x86)\GnuWin32\bin;C:\Program Files\Java\jdk-23\bin;C:\Program Files\dotnet\;C:\Program Files (x86)\Bitvise SSH Client;C:\Users\HP\AppData\Local\Programs\Python\Python313\Scripts\;C:\Users\HP\AppData\Local\Programs\Python\Python313\;C:\Users\HP\AppData\Local\Programs\Python\Launcher\;C:\Users\HP\AppData\Local\Microsoft\WindowsApps;C:\App\db_home\bin;C:\Program Files\Java\jdk-23\bin;C:\Program Files\JetBrains\IntelliJ IDEA Community Edition 2024.3.1.1\bin;C:\Users\HP\.dotnet\tools;C:\Users\HP\AppData\Local\Programs\Microsoft VS Code\bin;C:\Program Files\JetBrains\IntelliJ IDEA 2025.1\bin;C:\Users\HP\AppData\Local\JetBrains\Toolbox\scripts;
USERNAME=HP
OS=Windows_NT
PROCESSOR_IDENTIFIER=Intel64 Family 6 Model 154 Stepping 4, GenuineIntel
TMP=C:\Users\HP\AppData\Local\Temp
TEMP=C:\Users\HP\AppData\Local\Temp




Periodic native trim disabled

---------------  S Y S T E M  ---------------

OS:
 Windows 11 , 64 bit Build 26100 (10.0.26100.3912)
OS uptime: 7 days 22:36 hours
Hyper-V role detected

CPU: total 12 (initial active 12) (6 cores per cpu, 2 threads per core) family 6 model 154 stepping 4 microcode 0x42c, cx8, cmov, fxsr, ht, mmx, 3dnowpref, sse, sse2, sse3, ssse3, sse4.1, sse4.2, popcnt, lzcnt, tsc, tscinvbit, avx, avx2, aes, erms, clmul, bmi1, bmi2, adx, sha, fma, vzeroupper, clflush, clflushopt, clwb, hv, serialize, rdtscp, rdpid, fsrm, gfni, f16c, cet_ibt, cet_ss
Processor Information for processor 0
  Max Mhz: 1700, Current Mhz: 1700, Mhz Limit: 1700
Processor Information for processor 1
  Max Mhz: 1700, Current Mhz: 1700, Mhz Limit: 1700
Processor Information for processor 2
  Max Mhz: 1700, Current Mhz: 1700, Mhz Limit: 1700
Processor Information for processor 3
  Max Mhz: 1700, Current Mhz: 1700, Mhz Limit: 1700
Processor Information for processor 4
  Max Mhz: 1700, Current Mhz: 1200, Mhz Limit: 1190
Processor Information for processor 5
  Max Mhz: 1700, Current Mhz: 1200, Mhz Limit: 1190
Processor Information for processor 6
  Max Mhz: 1700, Current Mhz: 1200, Mhz Limit: 1190
Processor Information for processor 7
  Max Mhz: 1700, Current Mhz: 1200, Mhz Limit: 1190
Processor Information for processor 8
  Max Mhz: 1700, Current Mhz: 1200, Mhz Limit: 1190
Processor Information for processor 9
  Max Mhz: 1700, Current Mhz: 1200, Mhz Limit: 1190
Processor Information for processor 10
  Max Mhz: 1700, Current Mhz: 1200, Mhz Limit: 1190
Processor Information for processor 11
  Max Mhz: 1700, Current Mhz: 1200, Mhz Limit: 1190

Memory: 4k page, system-wide physical 16052M (1901M free)
TotalPageFile size 30936M (AvailPageFile size 1645M)
current process WorkingSet (physical memory assigned to process): 99M, peak: 99M
current process commit charge ("private bytes"): 391M, peak: 393M

vm_info: OpenJDK 64-Bit Server VM (24.0.1+9-30) for windows-amd64 JRE (24.0.1+9-30), built on 2025-03-05T07:23:45Z with MS VC++ 17.6 (VS2022)

END.
